#
# A fatal error has been detected by the Java Runtime Environment:
#
#  EXCEPTION_ACCESS_VIOLATION (0xc0000005) at pc=0x000007fee1c8a918, pid=4324, tid=3304
#
# JRE version: Java(TM) SE Runtime Environment (7.0_55-b13) (build 1.7.0_55-b13)
# Java VM: Java HotSpot(TM) 64-Bit Server VM (24.55-b03 mixed mode windows-amd64 compressed oops)
# Problematic frame:
# C  [XnVFeatures64_1_5_2.dll+0x23a918]
#
# Failed to write core dump. Minidumps are not enabled by default on client versions of Windows
#
# If you would like to submit a bug report, please visit:
#   http://bugreport.sun.com/bugreport/crash.jsp
# The crash happened outside the Java Virtual Machine in native code.
# See problematic frame for where to report the bug.
#

---------------  T H R E A D  ---------------

Current thread (0x00000000103e0000):  JavaThread "Thread-3" [_thread_in_native, id=3304, stack(0x0000000023d70000,0x0000000023e70000)]

siginfo: ExceptionCode=0xc0000005, reading address 0x0000000000001550

Registers:
RAX=0x0000000000000000, RBX=0x00000000157b9270, RCX=0x00000000157b9270, RDX=0x0000000000000000
RSP=0x0000000023e6e458, RBP=0x00000000183e2640, RSI=0x00000000183e2ad0, RDI=0x0000000000000554
R8 =0x0000000000000014, R9 =0x0000000000000554, R10=0x000000000000043d, R11=0x000000000000004a
R12=0x0000000000000014, R13=0x000000000000004a, R14=0x0000000000000002, R15=0x0000000000000077
RIP=0x000007fee1c8a918, EFLAGS=0x0000000000010246

Top of Stack: (sp=0x0000000023e6e458)
0x0000000023e6e458:   000007fee1c8a7b5 0000000000000266
0x0000000023e6e468:   000000000000001e 0000000023e6e500
0x0000000023e6e478:   0000000076fe1a4a 0000000000000077
0x0000000023e6e488:   000000000000043d 000000000000071f
0x0000000023e6e498:   000000000000001e 000007fee1df0fb8
0x0000000023e6e4a8:   0000001400000002 0000004a0000043d
0x0000000023e6e4b8:   0000071f00000077 0000000000000000
0x0000000023e6e4c8:   0000000000000000 00000000163900a0
0x0000000023e6e4d8:   000007fee1c87623 00000000172fad78
0x0000000023e6e4e8:   000007fee1d75872 00000000163900a0
0x0000000023e6e4f8:   000007fee1d74660 00000000158027b0
0x0000000023e6e508:   0000000010b99ef0 0000000000000000
0x0000000023e6e518:   0000000016390100 0000000010be1910
0x0000000023e6e528:   00000000158027c0 0000000023e6e620
0x0000000023e6e538:   00000000183e2640 00000000183e6e70
0x0000000023e6e548:   000007fee1d75870 000007fee1d74660 

Instructions: (pc=0x000007fee1c8a918)
0x000007fee1c8a8f8:   26 00 90 48 8d 7c 27 00 f3 41 0f 2a c8 f3 0f 10
0x000007fee1c8a908:   81 b8 00 00 00 48 8b 41 60 f3 0f 5c c1 4d 63 c9
0x000007fee1c8a918:   f3 42 0f 59 04 88 c3 90 0f b6 91 04 24 00 00 48
0x000007fee1c8a928:   8d 44 d1 10 c3 48 89 f6 0f b6 91 04 24 00 00 48 


Register to memory mapping:

RAX=0x0000000000000000 is an unknown value
RBX=0x00000000157b9270 is an unknown value
RCX=0x00000000157b9270 is an unknown value
RDX=0x0000000000000000 is an unknown value
RSP=0x0000000023e6e458 is pointing into the stack for thread: 0x00000000103e0000
RBP=0x00000000183e2640 is an unknown value
RSI=0x00000000183e2ad0 is an unknown value
RDI=0x0000000000000554 is an unknown value
R8 =0x0000000000000014 is an unknown value
R9 =0x0000000000000554 is an unknown value
R10=0x000000000000043d is an unknown value
R11=0x000000000000004a is an unknown value
R12=0x0000000000000014 is an unknown value
R13=0x000000000000004a is an unknown value
R14=0x0000000000000002 is an unknown value
R15=0x0000000000000077 is an unknown value


Stack: [0x0000000023d70000,0x0000000023e70000],  sp=0x0000000023e6e458,  free space=1017k
Native frames: (J=compiled Java code, j=interpreted, Vv=VM code, C=native code)
C  [XnVFeatures64_1_5_2.dll+0x23a918]

Java frames: (J=compiled Java code, j=interpreted, Vv=VM code)
j  org.OpenNI.NativeMethods.xnWaitAnyUpdateAll(J)I+0
j  org.OpenNI.Context.waitAnyUpdateAll()V+4
j  skeletons3D.TrackerPanel3D.run()V+12
j  java.lang.Thread.run()V+11
v  ~StubRoutines::call_stub

---------------  P R O C E S S  ---------------

Java Threads: ( => current thread )
  0x00000000103e1800 JavaThread "D3D Screen Updater" daemon [_thread_blocked, id=4180, stack(0x00000000322d0000,0x00000000323d0000)]
  0x00000000103e0800 JavaThread "Thread-4" [_thread_in_native, id=5712, stack(0x0000000031f60000,0x0000000032060000)]
=>0x00000000103e0000 JavaThread "Thread-3" [_thread_in_native, id=3304, stack(0x0000000023d70000,0x0000000023e70000)]
  0x00000000103df000 JavaThread "J3D-Renderer-1" [_thread_blocked, id=2784, stack(0x0000000011a90000,0x0000000011b90000)]
  0x00000000101a3000 JavaThread "J3D-MasterControl-1" [_thread_blocked, id=5904, stack(0x00000000118a0000,0x00000000119a0000)]
  0x00000000103de800 JavaThread "J3D-NotificationThread" [_thread_blocked, id=1524, stack(0x0000000011780000,0x0000000011880000)]
  0x00000000103dd800 JavaThread "J3D-TimerThread" [_thread_blocked, id=5228, stack(0x0000000011440000,0x0000000011540000)]
  0x0000000010548000 JavaThread "J3D-RenderingAttributesStructureUpdateThread" [_thread_blocked, id=2100, stack(0x00000000115b0000,0x00000000116b0000)]
  0x00000000101f8800 JavaThread "Image Fetcher 1" daemon [_thread_blocked, id=1484, stack(0x0000000010a30000,0x0000000010b30000)]
  0x00000000101d4000 JavaThread "TimerQueue" daemon [_thread_blocked, id=4416, stack(0x0000000010830000,0x0000000010930000)]
  0x000000000c8c8800 JavaThread "Image Fetcher 0" daemon [_thread_blocked, id=6064, stack(0x0000000010680000,0x0000000010780000)]
  0x00000000021ee000 JavaThread "DestroyJavaVM" [_thread_blocked, id=5316, stack(0x0000000002530000,0x0000000002630000)]
  0x000000000c731800 JavaThread "AWT-EventQueue-0" [_thread_in_Java, id=848, stack(0x000000000d400000,0x000000000d500000)]
  0x000000000c6e6000 JavaThread "AWT-Windows" daemon [_thread_in_native, id=1568, stack(0x000000000d1a0000,0x000000000d2a0000)]
  0x000000000c6e1000 JavaThread "AWT-Shutdown" [_thread_blocked, id=3264, stack(0x000000000cf30000,0x000000000d030000)]
  0x000000000c710800 JavaThread "Java2D Disposer" daemon [_thread_blocked, id=3248, stack(0x000000000cd70000,0x000000000ce70000)]
  0x000000000ab29800 JavaThread "Service Thread" daemon [_thread_blocked, id=3336, stack(0x000000000ca00000,0x000000000cb00000)]
  0x000000000ab27800 JavaThread "C2 CompilerThread1" daemon [_thread_blocked, id=6032, stack(0x000000000c4a0000,0x000000000c5a0000)]
  0x000000000aacc000 JavaThread "C2 CompilerThread0" daemon [_thread_blocked, id=4124, stack(0x000000000bbf0000,0x000000000bcf0000)]
  0x000000000aacb800 JavaThread "Attach Listener" daemon [_thread_blocked, id=1112, stack(0x000000000c2c0000,0x000000000c3c0000)]
  0x000000000ab20800 JavaThread "Signal Dispatcher" daemon [_thread_blocked, id=4340, stack(0x000000000c0b0000,0x000000000c1b0000)]
  0x000000000aab2800 JavaThread "Finalizer" daemon [_thread_blocked, id=3660, stack(0x000000000bf40000,0x000000000c040000)]
  0x000000000aaab800 JavaThread "Reference Handler" daemon [_thread_blocked, id=5152, stack(0x000000000bd70000,0x000000000be70000)]

Other Threads:
  0x000000000aaa8000 VMThread [stack: 0x000000000bab0000,0x000000000bbb0000] [id=5384]
  0x000000000ab2c000 WatcherThread [stack: 0x000000000cbb0000,0x000000000ccb0000] [id=5832]

VM state:not at safepoint (normal execution)

VM Mutex/Monitor currently owned by a thread: None

Heap
 PSYoungGen      total 38400K, used 8957K [0x00000007d5900000, 0x00000007d8380000, 0x0000000800000000)
  eden space 33280K, 11% used [0x00000007d5900000,0x00000007d5cc0c60,0x00000007d7980000)
  from space 5120K, 99% used [0x00000007d7980000,0x00000007d7e7ea20,0x00000007d7e80000)
  to   space 5120K, 0% used [0x00000007d7e80000,0x00000007d7e80000,0x00000007d8380000)
 ParOldGen       total 86528K, used 2547K [0x0000000780c00000, 0x0000000786080000, 0x00000007d5900000)
  object space 86528K, 2% used [0x0000000780c00000,0x0000000780e7cd28,0x0000000786080000)
 PSPermGen       total 21504K, used 18625K [0x000000077ba00000, 0x000000077cf00000, 0x0000000780c00000)
  object space 21504K, 86% used [0x000000077ba00000,0x000000077cc304f0,0x000000077cf00000)

Card table byte_map: [0x0000000005630000,0x0000000005a60000] byte_map_base: 0x0000000001a53000

Polling page: 0x0000000000130000

Code Cache  [0x0000000002630000, 0x00000000028a0000, 0x0000000005630000)
 total_blobs=759 nmethods=88 adapters=623 free_code_cache=48272Kb largest_free_block=49398656

Compilation events (10 events):
Event: 1.807 Thread 0x000000000aacc000   83             java.awt.image.SinglePixelPackedSampleModel::<init> (277 bytes)
Event: 1.813 Thread 0x000000000aacc000 nmethod 83 0x0000000002702c90 code [0x0000000002702e00, 0x0000000002703368]
Event: 2.135 Thread 0x000000000ab27800   84  s!         sun.misc.URLClassPath::getLoader (154 bytes)
Event: 2.142 Thread 0x000000000ab27800 nmethod 84 0x0000000002706610 code [0x00000000027067c0, 0x00000000027075c0]
Event: 2.147 Thread 0x000000000aacc000   85             java.lang.String::indexOf (7 bytes)
Event: 2.149 Thread 0x000000000aacc000 nmethod 85 0x0000000002706210 code [0x0000000002706360, 0x00000000027064e8]
Event: 2.169 Thread 0x000000000ab27800   86             sun.misc.URLClassPath::getResource (74 bytes)
Event: 2.186 Thread 0x000000000aacc000   87             java.util.Hashtable::hash (10 bytes)
Event: 2.186 Thread 0x000000000aacc000 nmethod 87 0x0000000002708b10 code [0x0000000002708c60, 0x0000000002708d38]
Event: 2.192 Thread 0x000000000ab27800 nmethod 86 0x0000000002710090 code [0x00000000027104a0, 0x0000000002711eb8]

GC Heap History (2 events):
Event: 2.152 GC heap before
{Heap before GC invocations=1 (full 0):
 PSYoungGen      total 38400K, used 33280K [0x00000007d5900000, 0x00000007d8380000, 0x0000000800000000)
  eden space 33280K, 100% used [0x00000007d5900000,0x00000007d7980000,0x00000007d7980000)
  from space 5120K, 0% used [0x00000007d7e80000,0x00000007d7e80000,0x00000007d8380000)
  to   space 5120K, 0% used [0x00000007d7980000,0x00000007d7980000,0x00000007d7e80000)
 ParOldGen       total 86528K, used 0K [0x0000000780c00000, 0x0000000786080000, 0x00000007d5900000)
  object space 86528K, 0% used [0x0000000780c00000,0x0000000780c00000,0x0000000786080000)
 PSPermGen       total 21504K, used 17645K [0x000000077ba00000, 0x000000077cf00000, 0x0000000780c00000)
  object space 21504K, 82% used [0x000000077ba00000,0x000000077cb3b4a8,0x000000077cf00000)
Event: 2.159 GC heap after
Heap after GC invocations=1 (full 0):
 PSYoungGen      total 38400K, used 5114K [0x00000007d5900000, 0x00000007d8380000, 0x0000000800000000)
  eden space 33280K, 0% used [0x00000007d5900000,0x00000007d5900000,0x00000007d7980000)
  from space 5120K, 99% used [0x00000007d7980000,0x00000007d7e7ea20,0x00000007d7e80000)
  to   space 5120K, 0% used [0x00000007d7e80000,0x00000007d7e80000,0x00000007d8380000)
 ParOldGen       total 86528K, used 2547K [0x0000000780c00000, 0x0000000786080000, 0x00000007d5900000)
  object space 86528K, 2% used [0x0000000780c00000,0x0000000780e7cd28,0x0000000786080000)
 PSPermGen       total 21504K, used 17645K [0x000000077ba00000, 0x000000077cf00000, 0x0000000780c00000)
  object space 21504K, 82% used [0x000000077ba00000,0x000000077cb3b4a8,0x000000077cf00000)
}

Deoptimization events (2 events):
Event: 0.530 Thread 0x000000000c731800 Uncommon trap: reason=null_check action=make_not_entrant pc=0x00000000026df740 method=java.util.jar.Attributes.putValue(Ljava/lang/String;Ljava/lang/String;)Ljava/lang/String; @ 13
Event: 2.179 Thread 0x000000000c731800 Uncommon trap: reason=unloaded action=reinterpret pc=0x00000000026ca818 method=java.lang.CharacterData.of(I)Ljava/lang/CharacterData; @ 96

Internal exceptions (10 events):
Event: 2.176 Thread 0x000000000c731800 Threw 0x00000007d5973ef0 at C:\re\jdk7u55\869\hotspot\src\share\vm\prims\jvm.cpp:1244
Event: 2.176 Thread 0x000000000c731800 Threw 0x00000007d59766b0 at C:\re\jdk7u55\869\hotspot\src\share\vm\prims\jvm.cpp:1244
Event: 2.176 Thread 0x000000000c731800 Threw 0x00000007d5979be0 at C:\re\jdk7u55\869\hotspot\src\share\vm\prims\jvm.cpp:1244
Event: 2.176 Thread 0x000000000c731800 Threw 0x00000007d597c520 at C:\re\jdk7u55\869\hotspot\src\share\vm\prims\jvm.cpp:1244
Event: 2.176 Thread 0x000000000c731800 Threw 0x00000007d597fad0 at C:\re\jdk7u55\869\hotspot\src\share\vm\prims\jvm.cpp:1244
Event: 2.176 Thread 0x000000000c731800 Threw 0x00000007d5982670 at C:\re\jdk7u55\869\hotspot\src\share\vm\prims\jvm.cpp:1244
Event: 2.181 Thread 0x000000000c731800 Threw 0x00000007d5c36998 at C:\re\jdk7u55\869\hotspot\src\share\vm\prims\jvm.cpp:1244
Event: 2.182 Thread 0x000000000c731800 Threw 0x00000007d5c3a268 at C:\re\jdk7u55\869\hotspot\src\share\vm\prims\jvm.cpp:1244
Event: 2.192 Thread 0x000000000c731800 Threw 0x00000007d5c4e998 at C:\re\jdk7u55\869\hotspot\src\share\vm\prims\jvm.cpp:1244
Event: 2.192 Thread 0x000000000c731800 Threw 0x00000007d5c50e60 at C:\re\jdk7u55\869\hotspot\src\share\vm\prims\jvm.cpp:1244

Events (10 events):
Event: 2.192 loading class 0x000000001019c120
Event: 2.192 loading class 0x000000001019c120 done
Event: 2.193 loading class 0x00000000101aa960
Event: 2.193 loading class 0x000000000c5eea80
Event: 2.193 loading class 0x000000000c5eea80 done
Event: 2.193 loading class 0x00000000101aa960 done
Event: 2.193 loading class 0x000000000c943b30
Event: 2.193 loading class 0x000000000c943b30 done
Event: 2.193 loading class 0x000000000c5ee960
Event: 2.193 loading class 0x000000000c5ee960 done


Dynamic libraries:
0x000000013ff70000 - 0x000000013ffa3000 	C:\Program Files\Java\jre7\bin\javaw.exe
0x00000000770e0000 - 0x0000000077289000 	C:\Windows\SYSTEM32\ntdll.dll
0x0000000076fc0000 - 0x00000000770df000 	C:\Windows\system32\kernel32.dll
0x000007fefd150000 - 0x000007fefd1bc000 	C:\Windows\system32\KERNELBASE.dll
0x000007fefd7a0000 - 0x000007fefd87b000 	C:\Windows\system32\ADVAPI32.dll
0x000007feff350000 - 0x000007feff3ef000 	C:\Windows\system32\msvcrt.dll
0x000007feff250000 - 0x000007feff26f000 	C:\Windows\SYSTEM32\sechost.dll
0x000007fefdcb0000 - 0x000007fefdddd000 	C:\Windows\system32\RPCRT4.dll
0x0000000076ec0000 - 0x0000000076fba000 	C:\Windows\system32\USER32.dll
0x000007feff1b0000 - 0x000007feff217000 	C:\Windows\system32\GDI32.dll
0x000007feff340000 - 0x000007feff34e000 	C:\Windows\system32\LPK.dll
0x000007feff270000 - 0x000007feff339000 	C:\Windows\system32\USP10.dll
0x000007fefb930000 - 0x000007fefbb24000 	C:\Windows\WinSxS\amd64_microsoft.windows.common-controls_6595b64144ccf1df_6.0.7601.17514_none_fa396087175ac9ac\COMCTL32.dll
0x000007fefe110000 - 0x000007fefe181000 	C:\Windows\system32\SHLWAPI.dll
0x000007feff220000 - 0x000007feff24e000 	C:\Windows\system32\IMM32.DLL
0x000007fefde80000 - 0x000007fefdf89000 	C:\Windows\system32\MSCTF.dll
0x0000000067d30000 - 0x0000000067e02000 	C:\Program Files\Java\jre7\bin\msvcr100.dll
0x000000005f4f0000 - 0x000000005fcb9000 	C:\Program Files\Java\jre7\bin\server\jvm.dll
0x000007fef7700000 - 0x000007fef7709000 	C:\Windows\system32\WSOCK32.dll
0x000007fefdc60000 - 0x000007fefdcad000 	C:\Windows\system32\WS2_32.dll
0x000007fefe230000 - 0x000007fefe238000 	C:\Windows\system32\NSI.dll
0x000007fefad20000 - 0x000007fefad5b000 	C:\Windows\system32\WINMM.dll
0x00000000772b0000 - 0x00000000772b7000 	C:\Windows\system32\PSAPI.DLL
0x00000000713d0000 - 0x00000000713df000 	C:\Program Files\Java\jre7\bin\verify.dll
0x000000006d270000 - 0x000000006d298000 	C:\Program Files\Java\jre7\bin\java.dll
0x000000006f590000 - 0x000000006f5a5000 	C:\Program Files\Java\jre7\bin\zip.dll
0x0000000061670000 - 0x0000000061805000 	C:\Program Files\Java\jre7\bin\awt.dll
0x000007fefdf90000 - 0x000007fefe067000 	C:\Windows\system32\OLEAUT32.dll
0x000007fefda50000 - 0x000007fefdc53000 	C:\Windows\system32\ole32.dll
0x000007fefb480000 - 0x000007fefb4d6000 	C:\Windows\system32\uxtheme.dll
0x000007fefa900000 - 0x000007fefa918000 	C:\Windows\system32\dwmapi.dll
0x000007fefcd50000 - 0x000007fefcd5f000 	C:\Windows\system32\CRYPTBASE.dll
0x000007fee39a0000 - 0x000007fee3b9f000 	C:\Windows\system32\d3d9.dll
0x000007fefbfc0000 - 0x000007fefbfcc000 	C:\Windows\system32\VERSION.dll
0x000007fefaa00000 - 0x000007fefaa07000 	C:\Windows\system32\d3d8thk.dll
0x000007fee2820000 - 0x000007fee3999000 	C:\Windows\system32\nvd3dumx.dll
0x000007fefb6d0000 - 0x000007fefb6fc000 	C:\Windows\system32\powrprof.dll
0x000007fefefd0000 - 0x000007feff1a7000 	C:\Windows\system32\SETUPAPI.dll
0x000007fefcf40000 - 0x000007fefcf76000 	C:\Windows\system32\CFGMGR32.dll
0x000007fefcf10000 - 0x000007fefcf2a000 	C:\Windows\system32\DEVOBJ.dll
0x0000000180000000 - 0x0000000180114000 	C:\Program Files (x86)\NVIDIA Corporation\3D Vision\nvSCPAPI64.dll
0x000007fef7480000 - 0x000007fef74dd000 	C:\Windows\system32\dxgi.dll
0x000007fefe240000 - 0x000007fefefc8000 	C:\Windows\system32\SHELL32.dll
0x00000000678d0000 - 0x0000000067917000 	C:\Program Files\Java\jre7\bin\fontmanager.dll
0x000007fefe190000 - 0x000007fefe229000 	C:\Windows\system32\CLBCatQ.DLL
0x000000006f2c0000 - 0x000000006f2d9000 	C:\Program Files\Java\jre7\bin\net.dll
0x000007fefc690000 - 0x000007fefc6e5000 	C:\Windows\system32\mswsock.dll
0x000007fefc680000 - 0x000007fefc687000 	C:\Windows\System32\wship6.dll
0x000000006d140000 - 0x000000006d151000 	C:\Program Files\Java\jre7\bin\nio.dll
0x0000000067920000 - 0x0000000067961000 	C:\Program Files\Java\jre7\bin\t2k.dll
0x000007fefa2e0000 - 0x000007fefa441000 	C:\Windows\system32\WindowsCodecs.dll
0x000007fefccf0000 - 0x000007fefcd47000 	C:\Windows\system32\apphelp.dll
0x000007fef8fb0000 - 0x000007fef8fe5000 	C:\Windows\system32\EhStorShell.dll
0x000007fefb550000 - 0x000007fefb67c000 	C:\Windows\system32\PROPSYS.dll
0x000007fef12b0000 - 0x000007fef191f000 	C:\PROGRA~1\MICROS~1\Office14\GROOVEEX.DLL
0x0000000074410000 - 0x00000000744ad000 	C:\Windows\WinSxS\amd64_microsoft.vc90.crt_1fc8b3b9a1e18e3b_9.0.30729.4940_none_08e4299fa83d7e3c\MSVCR90.dll
0x0000000074330000 - 0x0000000074403000 	C:\Windows\WinSxS\amd64_microsoft.vc90.crt_1fc8b3b9a1e18e3b_9.0.30729.4940_none_08e4299fa83d7e3c\MSVCP90.dll
0x0000000074ab0000 - 0x0000000074adf000 	C:\Windows\WinSxS\amd64_microsoft.vc90.atl_1fc8b3b9a1e18e3b_9.0.30729.4148_none_0a1d2fcba76b3f00\ATL90.DLL
0x000007fef0e90000 - 0x000007fef12aa000 	C:\PROGRA~1\COMMON~1\MICROS~1\OFFICE14\Cultures\office.odf
0x000007feef800000 - 0x000007fef0012000 	C:\PROGRA~1\MICROS~1\Office14\1028\GrooveIntlResource.dll
0x000007fef8570000 - 0x000007fef85ee000 	C:\Windows\System32\cscui.dll
0x000007fefa1f0000 - 0x000007fefa1fc000 	C:\Windows\System32\CSCDLL.dll
0x000007fef6530000 - 0x000007fef653f000 	C:\Windows\system32\CSCAPI.dll
0x000007fef7570000 - 0x000007fef75f0000 	C:\Windows\system32\ntshrui.dll
0x000007fefc970000 - 0x000007fefc993000 	C:\Windows\system32\srvcli.dll
0x000007fefad10000 - 0x000007fefad1b000 	C:\Windows\system32\slc.dll
0x000007fefa1e0000 - 0x000007fefa1e8000 	C:\Windows\system32\IconCodecService.dll
0x000000006d260000 - 0x000000006d267000 	C:\Program Files\Java\jre7\bin\jawt.dll
0x0000000002470000 - 0x00000000024ae000 	C:\Users\banbi\git\emotion\lib\j3dcore-ogl.dll
0x000007fee5b70000 - 0x000007fee5c8d000 	C:\Windows\system32\OPENGL32.dll
0x000007fefa210000 - 0x000007fefa23d000 	C:\Windows\system32\GLU32.dll
0x000007feea640000 - 0x000007feea731000 	C:\Windows\system32\DDRAW.dll
0x000007fefa9c0000 - 0x000007fefa9c8000 	C:\Windows\system32\DCIMAN32.dll
0x000000005cf70000 - 0x000000005e8a7000 	C:\Windows\system32\nvoglv64.DLL
0x000007fefcf80000 - 0x000007fefcfba000 	C:\Windows\system32\WINTRUST.dll
0x000007fefcfc0000 - 0x000007fefd12c000 	C:\Windows\system32\CRYPT32.dll
0x000007fefcef0000 - 0x000007fefceff000 	C:\Windows\system32\MSASN1.dll
0x000007fefb4e0000 - 0x000007fefb50d000 	C:\Windows\system32\ntmarta.dll
0x000007fefd880000 - 0x000007fefd8d2000 	C:\Windows\system32\WLDAP32.dll
0x000007fefa870000 - 0x000007fefa88f000 	C:\Users\banbi\git\emotion\lib\OpenNI.jni64.dll
0x000007fef7890000 - 0x000007fef78fc000 	C:\Program Files\OpenNI\Bin64\OpenNI64.dll
0x000007fefa920000 - 0x000007fefa93f000 	C:\Program Files\OpenNI\bin64\nimRecorder64.dll
0x000007fef6160000 - 0x000007fef6183000 	C:\Program Files\OpenNI\bin64\nimMockNodes64.dll
0x000007fee5b10000 - 0x000007fee5b65000 	C:\Program Files\OpenNI\bin64\nimCodecs64.dll
0x000007fef5de0000 - 0x000007fef5e24000 	C:\Program Files\PrimeSense\Sensor\Bin64\XnDeviceFile64.dll
0x000007fefa850000 - 0x000007fefa85d000 	C:\Program Files\PrimeSense\Sensor\Bin64\XnCore64.dll
0x000007feea2f0000 - 0x000007feea399000 	C:\Program Files\PrimeSense\Sensor\Bin64\XnDDK64.dll
0x000007feed3e0000 - 0x000007feed444000 	C:\Program Files\PrimeSense\Sensor\Bin64\XnFormats64.dll
0x000007feec8e0000 - 0x000007feec99f000 	C:\Program Files\PrimeSense\Sensor\Bin64\XnDeviceSensorV264.dll
0x000007fee2550000 - 0x000007fee2811000 	C:\Program Files\PrimeSense\NITE\Features_1_3_1\Bin64\XnVFeatures64_1_3_1.dll
0x000007fee21a0000 - 0x000007fee2544000 	C:\Program Files\PrimeSense\NITE\Features_1_4_1\Bin64\XnVFeatures64_1_4_1.dll
0x000007fee1e00000 - 0x000007fee219a000 	C:\Program Files\PrimeSense\NITE\Features_1_4_2\Bin64\XnVFeatures64_1_4_2.dll
0x000007fee1a50000 - 0x000007fee1dff000 	C:\Program Files\PrimeSense\NITE\Features_1_5_2\Bin64\XnVFeatures64_1_5_2.dll
0x000007fee4e50000 - 0x000007fee4f71000 	C:\Program Files\PrimeSense\NITE\Hands_1_3_1\Bin64\XnVHandGenerator64_1_3_1.dll
0x000007fee5070000 - 0x000007fee5194000 	C:\Program Files\PrimeSense\NITE\Hands_1_4_1\Bin64\XnVHandGenerator64_1_4_1.dll
0x000007fee3c80000 - 0x000007fee3d9a000 	C:\Program Files\PrimeSense\NITE\Hands_1_4_2\Bin64\XnVHandGenerator64_1_4_2.dll
0x000007fee1920000 - 0x000007fee1a4c000 	C:\Program Files\PrimeSense\NITE\Hands_1_5_2\Bin64\XnVHandGenerator64_1_5_2.dll
0x000007fefc090000 - 0x000007fefc097000 	C:\Windows\System32\wshtcpip.dll
0x000007fefaa90000 - 0x000007fefabb5000 	C:\Windows\system32\dbghelp.dll

VM Arguments:
jvm_args: -Djava.library.path=C:\Users\banbi\git\emotion\lib;C:\Users\banbi\git\emotion\lib;C:\Users\banbi\git\emotion\lib;C:\Users\banbi\git\emotion\lib;C:\Users\banbi\git\emotion\lib;C:\Users\banbi\git\emotion\lib -Dfile.encoding=UTF-8 
java_command: main.Main
Launcher Type: SUN_STANDARD

Environment Variables:
CLASSPATH=C:\Program Files\Java\jdk1.7.0_55\lib\ant-javafx.jar;C:\Program Files\Java\jdk1.7.0_55\lib\dt.jar;C:\Program Files\Java\jdk1.7.0_55\lib\javafx-doclet.jar;C:\Program Files\Java\jdk1.7.0_55\lib\javafx-mx.jar;C:\Program Files\Java\jdk1.7.0_55\lib\jconsole.jar;C:\Program Files\Java\jdk1.7.0_55\lib\sa-jdi.jar;C:\Program Files\Java\jdk1.7.0_55\lib\tools.jar;C:\Program Files\OpenNI\Bin64\org.OpenNI.jar;C:\Program Files (x86)\OpenNI\Bin\org.OpenNI.jar
PATH=C:\Program Files (x86)\Caminova\Document Express DjVu Plug-in\;C:\Program Files (x86)\Intel\iCLS Client\;C:\Program Files\Intel\iCLS Client\;C:\Program Files (x86)\NVIDIA Corporation\PhysX\Common;C:\Windows\system32;C:\Windows;C:\Windows\System32\Wbem;C:\Windows\System32\WindowsPowerShell\v1.0\;C:\Program Files\Intel\Intel(R) Management Engine Components\DAL;C:\Program Files\Intel\Intel(R) Management Engine Components\IPT;C:\Program Files (x86)\Intel\Intel(R) Management Engine Components\DAL;C:\Program Files (x86)\Intel\Intel(R) Management Engine Components\IPT;;;C:\Program Files\PrimeSense\NITE\bin64;C:\Program Files (x86)\Java\jdk1.7.0\bin;C:\Program Files\OpenNI\Bin64;C:\Program Files (x86)\OpenNI\Bin;C:\Program Files (x86)\PrimeSense\NITE\bin;C:\Program Files\MySQL\MySQL Server 5.1\bin
USERNAME=banbi
OS=Windows_NT
PROCESSOR_IDENTIFIER=Intel64 Family 6 Model 58 Stepping 9, GenuineIntel



---------------  S Y S T E M  ---------------

OS: Windows 7 , 64 bit Build 7601 Service Pack 1

CPU:total 4 (4 cores per cpu, 1 threads per core) family 6 model 58 stepping 9, cmov, cx8, fxsr, mmx, sse, sse2, sse3, ssse3, sse4.1, sse4.2, popcnt, avx, aes, erms, tsc, tscinvbit, tscinv

Memory: 4k page, physical 8333040k(4436152k free), swap 16664216k(10841172k free)

vm_info: Java HotSpot(TM) 64-Bit Server VM (24.55-b03) for windows-amd64 JRE (1.7.0_55-b13), built on Mar 17 2014 19:45:30 by "java_re" with unknown MS VC++:1600

time: Sun Aug 31 03:51:07 2014
elapsed time: 2 seconds

